<?xml version="1.0" encoding="UTF-8"?>
<testsuite xmlns:xsi="http://www.w3.org/2001/XMLSchema-instance" xsi:noNamespaceSchemaLocation="https://maven.apache.org/surefire/maven-surefire-plugin/xsd/surefire-test-report-3.0.xsd" version="3.0" name="com.student.chatapp.MessageTest" time="0.173" tests="15" errors="0" skipped="0" failures="0">
  <properties>
[...]
</properties>
  <testcase name="testReturnTotalMessages" classname="com.student.chatapp.MessageTest" time="0.046"/>
  <testcase name="testMessageNumber_Increment" classname="com.student.chatapp.MessageTest" time="0.004"/>
  <testcase name="testStoreMessage" classname="com.student.chatapp.MessageTest" time="0.007"/>
  <testcase name="testCheckMessageLength_Success" classname="com.student.chatapp.MessageTest" time="0.002"/>
  <testcase name="testSendMessage_Disregard" classname="com.student.chatapp.MessageTest" time="0.002"/>
  <testcase name="testCheckMessageID" classname="com.student.chatapp.MessageTest" time="0.002"/>
  <testcase name="testCreateMessageHash_TestCase1" classname="com.student.chatapp.MessageTest" time="0.008"/>
  <testcase name="testCreateMessageHash_TestCase2" classname="com.student.chatapp.MessageTest" time="0.003"/>
  <testcase name="testCheckMessageLength_Failure" classname="com.student.chatapp.MessageTest" time="0.003"/>
  <testcase name="testMessageID_Created" classname="com.student.chatapp.MessageTest" time="0.003"/>
  <testcase name="testCheckRecipientCell_Success" classname="com.student.chatapp.MessageTest" time="0.001"/>
  <testcase name="testCheckRecipientCell_Failure" classname="com.student.chatapp.MessageTest" time="0.003"/>
  <testcase name="testSendMessage_Store" classname="com.student.chatapp.MessageTest" time="0.003"/>
  <testcase name="testPrintMessage" classname="com.student.chatapp.MessageTest" time="0.005"/>
  <testcase name="testSendMessage_Send" classname="com.student.chatapp.MessageTest" time="0.002"/>
</testsuite>